This is pdfTeX, Version 3.1415926-1.40.10 (TeX Live 2009/Debian) (format=latex 2012.6.26)  21 JAN 2014 10:43
entering extended mode
 %&-line parsing enabled.
**thesis.tex
(./thesis.tex
LaTeX2e <2009/09/24>
Babel <v3.8l> and hyphenation patterns for english, usenglishmax, dumylang, noh
yphenation, loaded.
(./Tesis.cls
Document Class: Tesis 2008/01/10 v.0.0 Desarrollado por Llanos: AGUS
(/usr/share/texmf-texlive/tex/latex/base/book.cls
Document Class: book 2007/10/19 v1.4h Standard LaTeX document class
(/usr/share/texmf-texlive/tex/latex/base/bk10.clo
File: bk10.clo 2007/10/19 v1.4h Standard LaTeX file (size option)
)
\c@part=\count79
\c@chapter=\count80
\c@section=\count81
\c@subsection=\count82
\c@subsubsection=\count83
\c@paragraph=\count84
\c@subparagraph=\count85
\c@figure=\count86
\c@table=\count87
\abovecaptionskip=\skip41
\belowcaptionskip=\skip42
\bibindent=\dimen102
)
(/usr/share/texmf-texlive/tex/latex/graphics/epsfig.sty
Package: epsfig 1999/02/16 v1.7a (e)psfig emulation (SPQR)

(/usr/share/texmf-texlive/tex/latex/graphics/graphicx.sty
Package: graphicx 1999/02/16 v1.0f Enhanced LaTeX Graphics (DPC,SPQR)

(/usr/share/texmf-texlive/tex/latex/graphics/keyval.sty
Package: keyval 1999/03/16 v1.13 key=value parser (DPC)
\KV@toks@=\toks14
)
(/usr/share/texmf-texlive/tex/latex/graphics/graphics.sty
Package: graphics 2009/02/05 v1.0o Standard LaTeX Graphics (DPC,SPQR)

(/usr/share/texmf-texlive/tex/latex/graphics/trig.sty
Package: trig 1999/03/16 v1.09 sin cos tan (DPC)
)
(/etc/texmf/tex/latex/config/graphics.cfg
File: graphics.cfg 2009/08/28 v1.8 graphics configuration of TeX Live
)
Package graphics Info: Driver file: dvips.def on input line 91.

(/usr/share/texmf-texlive/tex/latex/graphics/dvips.def
File: dvips.def 1999/02/16 v3.0i Driver-dependant file (DPC,SPQR)
))
\Gin@req@height=\dimen103
\Gin@req@width=\dimen104
)
\epsfxsize=\dimen105
\epsfysize=\dimen106
)
(/usr/share/texmf-texlive/tex/latex/psnfss/bookman.sty
Package: bookman 2005/04/12 PSNFSS-v9.2a (SPQR) 
)
(/usr/share/texmf/tex/latex/pgf/frontendlayer/tikz.sty
(/usr/share/texmf/tex/latex/pgf/basiclayer/pgf.sty
(/usr/share/texmf/tex/latex/pgf/utilities/pgfrcs.sty
(/usr/share/texmf/tex/generic/pgf/utilities/pgfutil-common.tex
\pgfutil@everybye=\toks15
)
(/usr/share/texmf/tex/generic/pgf/utilities/pgfutil-latex.def
\pgfutil@abb=\box26

(/usr/share/texmf-texlive/tex/latex/ms/everyshi.sty
Package: everyshi 2001/05/15 v3.00 EveryShipout Package (MS)
))
(/usr/share/texmf/tex/generic/pgf/utilities/pgfrcs.code.tex
Package: pgfrcs 2010/10/25 v2.10 (rcs-revision 1.24)
))
Package: pgf 2008/01/15 v2.10 (rcs-revision 1.12)

(/usr/share/texmf/tex/latex/pgf/basiclayer/pgfcore.sty
(/usr/share/texmf/tex/latex/pgf/systemlayer/pgfsys.sty
(/usr/share/texmf/tex/generic/pgf/systemlayer/pgfsys.code.tex
Package: pgfsys 2010/06/30 v2.10 (rcs-revision 1.37)

(/usr/share/texmf/tex/generic/pgf/utilities/pgfkeys.code.tex
\pgfkeys@pathtoks=\toks16
\pgfkeys@temptoks=\toks17

(/usr/share/texmf/tex/generic/pgf/utilities/pgfkeysfiltered.code.tex
\pgfkeys@tmptoks=\toks18
))
\pgf@x=\dimen107
\pgf@y=\dimen108
\pgf@xa=\dimen109
\pgf@ya=\dimen110
\pgf@xb=\dimen111
\pgf@yb=\dimen112
\pgf@xc=\dimen113
\pgf@yc=\dimen114
\w@pgf@writea=\write3
\r@pgf@reada=\read1
\c@pgf@counta=\count88
\c@pgf@countb=\count89
\c@pgf@countc=\count90
\c@pgf@countd=\count91

(/usr/share/texmf/tex/generic/pgf/systemlayer/pgf.cfg
File: pgf.cfg 2008/05/14  (rcs-revision 1.7)
)
Package pgfsys Info: Driver file for pgf: pgfsys-dvips.def on input line 900.

(/usr/share/texmf/tex/generic/pgf/systemlayer/pgfsys-dvips.def
File: pgfsys-dvips.def 2008/04/03  (rcs-revision 1.20)

(/usr/share/texmf/tex/generic/pgf/systemlayer/pgfsys-common-postscript.def
File: pgfsys-common-postscript.def 2008/10/01  (rcs-revision 1.22)
\pgf@objectcount=\count92
)))
(/usr/share/texmf/tex/generic/pgf/systemlayer/pgfsyssoftpath.code.tex
File: pgfsyssoftpath.code.tex 2008/07/18  (rcs-revision 1.7)
\pgfsyssoftpath@smallbuffer@items=\count93
\pgfsyssoftpath@bigbuffer@items=\count94
)
(/usr/share/texmf/tex/generic/pgf/systemlayer/pgfsysprotocol.code.tex
File: pgfsysprotocol.code.tex 2006/10/16  (rcs-revision 1.4)
))
(/usr/share/texmf/tex/latex/xcolor/xcolor.sty
Package: xcolor 2007/01/21 v2.11 LaTeX color extensions (UK)

(/etc/texmf/tex/latex/config/color.cfg
File: color.cfg 2007/01/18 v1.5 color configuration of teTeX/TeXLive
)
Package xcolor Info: Driver file: dvips.def on input line 225.
Package xcolor Info: Model `cmy' substituted by `cmy0' on input line 1337.
Package xcolor Info: Model `RGB' extended on input line 1353.
Package xcolor Info: Model `HTML' substituted by `rgb' on input line 1355.
Package xcolor Info: Model `Hsb' substituted by `hsb' on input line 1356.
Package xcolor Info: Model `tHsb' substituted by `hsb' on input line 1357.
Package xcolor Info: Model `HSB' substituted by `hsb' on input line 1358.
Package xcolor Info: Model `Gray' substituted by `gray' on input line 1359.
Package xcolor Info: Model `wave' substituted by `hsb' on input line 1360.
)
(/usr/share/texmf/tex/generic/pgf/basiclayer/pgfcore.code.tex
Package: pgfcore 2010/04/11 v2.10 (rcs-revision 1.7)

(/usr/share/texmf/tex/generic/pgf/math/pgfmath.code.tex
(/usr/share/texmf/tex/generic/pgf/math/pgfmathcalc.code.tex
(/usr/share/texmf/tex/generic/pgf/math/pgfmathutil.code.tex)
(/usr/share/texmf/tex/generic/pgf/math/pgfmathparser.code.tex
\pgfmath@dimen=\dimen115
\pgfmath@count=\count95
\pgfmath@box=\box27
\pgfmath@toks=\toks19
\pgfmath@stack@operand=\toks20
\pgfmath@stack@operation=\toks21
)
(/usr/share/texmf/tex/generic/pgf/math/pgfmathfunctions.code.tex
(/usr/share/texmf/tex/generic/pgf/math/pgfmathfunctions.basic.code.tex)
(/usr/share/texmf/tex/generic/pgf/math/pgfmathfunctions.trigonometric.code.tex)
(/usr/share/texmf/tex/generic/pgf/math/pgfmathfunctions.random.code.tex)
(/usr/share/texmf/tex/generic/pgf/math/pgfmathfunctions.comparison.code.tex)
(/usr/share/texmf/tex/generic/pgf/math/pgfmathfunctions.base.code.tex)
(/usr/share/texmf/tex/generic/pgf/math/pgfmathfunctions.round.code.tex)
(/usr/share/texmf/tex/generic/pgf/math/pgfmathfunctions.misc.code.tex)))
(/usr/share/texmf/tex/generic/pgf/math/pgfmathfloat.code.tex
\c@pgfmathroundto@lastzeros=\count96
))
(/usr/share/texmf/tex/generic/pgf/basiclayer/pgfcorepoints.code.tex
File: pgfcorepoints.code.tex 2010/04/09  (rcs-revision 1.20)
\pgf@picminx=\dimen116
\pgf@picmaxx=\dimen117
\pgf@picminy=\dimen118
\pgf@picmaxy=\dimen119
\pgf@pathminx=\dimen120
\pgf@pathmaxx=\dimen121
\pgf@pathminy=\dimen122
\pgf@pathmaxy=\dimen123
\pgf@xx=\dimen124
\pgf@xy=\dimen125
\pgf@yx=\dimen126
\pgf@yy=\dimen127
\pgf@zx=\dimen128
\pgf@zy=\dimen129
)
(/usr/share/texmf/tex/generic/pgf/basiclayer/pgfcorepathconstruct.code.tex
File: pgfcorepathconstruct.code.tex 2010/08/03  (rcs-revision 1.24)
\pgf@path@lastx=\dimen130
\pgf@path@lasty=\dimen131
)
(/usr/share/texmf/tex/generic/pgf/basiclayer/pgfcorepathusage.code.tex
File: pgfcorepathusage.code.tex 2008/04/22  (rcs-revision 1.12)
\pgf@shorten@end@additional=\dimen132
\pgf@shorten@start@additional=\dimen133
)
(/usr/share/texmf/tex/generic/pgf/basiclayer/pgfcorescopes.code.tex
File: pgfcorescopes.code.tex 2010/09/08  (rcs-revision 1.34)
\pgfpic=\box28
\pgf@hbox=\box29
\pgf@layerbox@main=\box30
\pgf@picture@serial@count=\count97
)
(/usr/share/texmf/tex/generic/pgf/basiclayer/pgfcoregraphicstate.code.tex
File: pgfcoregraphicstate.code.tex 2008/04/22  (rcs-revision 1.9)
\pgflinewidth=\dimen134
)
(/usr/share/texmf/tex/generic/pgf/basiclayer/pgfcoretransformations.code.tex
File: pgfcoretransformations.code.tex 2009/06/10  (rcs-revision 1.11)
\pgf@pt@x=\dimen135
\pgf@pt@y=\dimen136
\pgf@pt@temp=\dimen137
)
(/usr/share/texmf/tex/generic/pgf/basiclayer/pgfcorequick.code.tex
File: pgfcorequick.code.tex 2008/10/09  (rcs-revision 1.3)
)
(/usr/share/texmf/tex/generic/pgf/basiclayer/pgfcoreobjects.code.tex
File: pgfcoreobjects.code.tex 2006/10/11  (rcs-revision 1.2)
)
(/usr/share/texmf/tex/generic/pgf/basiclayer/pgfcorepathprocessing.code.tex
File: pgfcorepathprocessing.code.tex 2008/10/09  (rcs-revision 1.8)
)
(/usr/share/texmf/tex/generic/pgf/basiclayer/pgfcorearrows.code.tex
File: pgfcorearrows.code.tex 2008/04/23  (rcs-revision 1.11)
)
(/usr/share/texmf/tex/generic/pgf/basiclayer/pgfcoreshade.code.tex
File: pgfcoreshade.code.tex 2008/11/23  (rcs-revision 1.13)
\pgf@max=\dimen138
\pgf@sys@shading@range@num=\count98
)
(/usr/share/texmf/tex/generic/pgf/basiclayer/pgfcoreimage.code.tex
File: pgfcoreimage.code.tex 2010/03/25  (rcs-revision 1.16)

(/usr/share/texmf/tex/generic/pgf/basiclayer/pgfcoreexternal.code.tex
File: pgfcoreexternal.code.tex 2010/09/01  (rcs-revision 1.17)
\pgfexternal@startupbox=\box31
))
(/usr/share/texmf/tex/generic/pgf/basiclayer/pgfcorelayers.code.tex
File: pgfcorelayers.code.tex 2010/08/27  (rcs-revision 1.2)
)
(/usr/share/texmf/tex/generic/pgf/basiclayer/pgfcoretransparency.code.tex
File: pgfcoretransparency.code.tex 2008/01/17  (rcs-revision 1.2)
)
(/usr/share/texmf/tex/generic/pgf/basiclayer/pgfcorepatterns.code.tex
File: pgfcorepatterns.code.tex 2009/07/02  (rcs-revision 1.3)
)))
(/usr/share/texmf/tex/generic/pgf/modules/pgfmoduleshapes.code.tex
File: pgfmoduleshapes.code.tex 2010/09/09  (rcs-revision 1.13)
\pgfnodeparttextbox=\box32
)
(/usr/share/texmf/tex/generic/pgf/modules/pgfmoduleplot.code.tex
File: pgfmoduleplot.code.tex 2010/10/22  (rcs-revision 1.8)
)
(/usr/share/texmf/tex/latex/pgf/compatibility/pgfcomp-version-0-65.sty
Package: pgfcomp-version-0-65 2007/07/03 v2.10 (rcs-revision 1.7)
\pgf@nodesepstart=\dimen139
\pgf@nodesepend=\dimen140
)
(/usr/share/texmf/tex/latex/pgf/compatibility/pgfcomp-version-1-18.sty
Package: pgfcomp-version-1-18 2007/07/23 v2.10 (rcs-revision 1.1)
))
(/usr/share/texmf/tex/latex/pgf/utilities/pgffor.sty
(/usr/share/texmf/tex/latex/pgf/utilities/pgfkeys.sty
(/usr/share/texmf/tex/generic/pgf/utilities/pgfkeys.code.tex))
(/usr/share/texmf/tex/generic/pgf/utilities/pgffor.code.tex
Package: pgffor 2010/03/23 v2.10 (rcs-revision 1.18)
\pgffor@iter=\dimen141
\pgffor@skip=\dimen142
\pgffor@stack=\toks22
\pgffor@toks=\toks23
))
(/usr/share/texmf/tex/generic/pgf/frontendlayer/tikz/tikz.code.tex
Package: tikz 2010/10/13 v2.10 (rcs-revision 1.76)

(/usr/share/texmf/tex/generic/pgf/libraries/pgflibraryplothandlers.code.tex
File: pgflibraryplothandlers.code.tex 2010/05/31 v2.10 (rcs-revision 1.15)
\pgf@plot@mark@count=\count99
\pgfplotmarksize=\dimen143
)
\tikz@lastx=\dimen144
\tikz@lasty=\dimen145
\tikz@lastxsaved=\dimen146
\tikz@lastysaved=\dimen147
\tikzleveldistance=\dimen148
\tikzsiblingdistance=\dimen149
\tikz@figbox=\box33
\tikz@tempbox=\box34
\tikztreelevel=\count100
\tikznumberofchildren=\count101
\tikznumberofcurrentchild=\count102
\tikz@fig@count=\count103

(/usr/share/texmf/tex/generic/pgf/modules/pgfmodulematrix.code.tex
File: pgfmodulematrix.code.tex 2010/08/24  (rcs-revision 1.4)
\pgfmatrixcurrentrow=\count104
\pgfmatrixcurrentcolumn=\count105
\pgf@matrix@numberofcolumns=\count106
)
\tikz@expandcount=\count107

(/usr/share/texmf/tex/generic/pgf/frontendlayer/tikz/libraries/tikzlibrarytopat
hs.code.tex
File: tikzlibrarytopaths.code.tex 2008/06/17 v2.10 (rcs-revision 1.2)
)))) (/usr/share/texmf-texlive/tex/latex/subfigure/subfigure.sty
Package: subfigure 2002/03/15 v2.1.5 subfigure package
\subfigtopskip=\skip43
\subfigcapskip=\skip44
\subfigcaptopadj=\dimen150
\subfigbottomskip=\skip45
\subfigcapmargin=\dimen151
\subfiglabelskip=\skip46
\c@subfigure=\count108
\c@lofdepth=\count109
\c@subtable=\count110
\c@lotdepth=\count111

****************************************
* Local config file subfigure.cfg used *
****************************************
(/usr/share/texmf-texlive/tex/latex/subfigure/subfigure.cfg)
\subfig@top=\skip47
\subfig@bottom=\skip48
)
(/usr/share/texmf-texlive/tex/latex/ltxmisc/url.sty
\Urlmuskip=\muskip10
Package: url 2006/04/12  ver 3.3  Verb mode for urls, etc.
)
(/usr/share/texmf-texlive/tex/latex/tools/afterpage.sty
Package: afterpage 1995/10/27 v1.08 After-Page Package (DPC)
\AP@output=\toks24
\AP@partial=\box35
\AP@footins=\box36
)
(/usr/share/texmf-texlive/tex/latex/amsmath/amsmath.sty
Package: amsmath 2000/07/18 v2.13 AMS math features
\@mathmargin=\skip49

For additional information on amsmath, use the `?' option.
(/usr/share/texmf-texlive/tex/latex/amsmath/amstext.sty
Package: amstext 2000/06/29 v2.01

(/usr/share/texmf-texlive/tex/latex/amsmath/amsgen.sty
File: amsgen.sty 1999/11/30 v2.0
\@emptytoks=\toks25
\ex@=\dimen152
))
(/usr/share/texmf-texlive/tex/latex/amsmath/amsbsy.sty
Package: amsbsy 1999/11/29 v1.2d
\pmbraise@=\dimen153
)
(/usr/share/texmf-texlive/tex/latex/amsmath/amsopn.sty
Package: amsopn 1999/12/14 v2.01 operator names
)
\inf@bad=\count112
LaTeX Info: Redefining \frac on input line 211.
\uproot@=\count113
\leftroot@=\count114
LaTeX Info: Redefining \overline on input line 307.
\classnum@=\count115
\DOTSCASE@=\count116
LaTeX Info: Redefining \ldots on input line 379.
LaTeX Info: Redefining \dots on input line 382.
LaTeX Info: Redefining \cdots on input line 467.
\Mathstrutbox@=\box37
\strutbox@=\box38
\big@size=\dimen154
LaTeX Font Info:    Redeclaring font encoding OML on input line 567.
LaTeX Font Info:    Redeclaring font encoding OMS on input line 568.
\macc@depth=\count117
\c@MaxMatrixCols=\count118
\dotsspace@=\muskip11
\c@parentequation=\count119
\dspbrk@lvl=\count120
\tag@help=\toks26
\row@=\count121
\column@=\count122
\maxfields@=\count123
\andhelp@=\toks27
\eqnshift@=\dimen155
\alignsep@=\dimen156
\tagshift@=\dimen157
\tagwidth@=\dimen158
\totwidth@=\dimen159
\lineht@=\dimen160
\@envbody=\toks28
\multlinegap=\skip50
\multlinetaggap=\skip51
\mathdisplay@stack=\toks29
LaTeX Info: Redefining \[ on input line 2666.
LaTeX Info: Redefining \] on input line 2667.
)
(/usr/share/texmf-texlive/tex/latex/amscls/amsthm.sty
Package: amsthm 2004/08/06 v2.20
\thm@style=\toks30
\thm@bodyfont=\toks31
\thm@headfont=\toks32
\thm@notefont=\toks33
\thm@headpunct=\toks34
\thm@preskip=\skip52
\thm@postskip=\skip53
\thm@headsep=\skip54
\dth@everypar=\toks35
)
(/usr/share/texmf-texlive/tex/latex/listings/listings.sty
\lst@mode=\count124
\lst@gtempboxa=\box39
\lst@token=\toks36
\lst@length=\count125
\lst@currlwidth=\dimen161
\lst@column=\count126
\lst@pos=\count127
\lst@lostspace=\dimen162
\lst@width=\dimen163
\lst@newlines=\count128
\lst@lineno=\count129
\lst@maxwidth=\dimen164

(/usr/share/texmf-texlive/tex/latex/listings/lstmisc.sty
File: lstmisc.sty 2007/02/22 1.4 (Carsten Heinz)
\c@lstnumber=\count130
\lst@skipnumbers=\count131
\lst@framebox=\box40
)
(/usr/share/texmf-texlive/tex/latex/listings/listings.cfg
File: listings.cfg 2007/02/22 1.4 listings configuration
))
Package: listings 2007/02/22 1.4 (Carsten Heinz)

(/usr/share/texmf-texlive/tex/latex/base/alltt.sty
Package: alltt 1997/06/16 v2.0g defines alltt environment
)
(/usr/share/texmf-texlive/tex/latex/colortbl/colortbl.sty
Package: colortbl 2001/02/13 v0.1j Color table columns (DPC)

(/usr/share/texmf-texlive/tex/latex/tools/array.sty
Package: array 2008/09/09 v2.4c Tabular extension package (FMi)
\col@sep=\dimen165
\extrarowheight=\dimen166
\NC@list=\toks37
\extratabsurround=\skip55
\backup@length=\skip56
)
\everycr=\toks38
\minrowclearance=\skip57
)
(/usr/share/texmf-texlive/tex/latex/amsfonts/amssymb.sty
Package: amssymb 2009/06/22 v3.00

(/usr/share/texmf-texlive/tex/latex/amsfonts/amsfonts.sty
Package: amsfonts 2009/06/22 v3.00 Basic AMSFonts support
\symAMSa=\mathgroup4
\symAMSb=\mathgroup5
LaTeX Font Info:    Overwriting math alphabet `\mathfrak' in version `bold'
(Font)                  U/euf/m/n --> U/euf/b/n on input line 96.
))
(/usr/share/texmf-texlive/tex/latex/setspace/setspace.sty
Package: setspace 2000/12/01 6.7 Contributed and Supported LaTeX2e package

Package: `setspace' 6.7 <2000/12/01>
) (./algorithmicx.sty
Package: algorithmicx 2005/04/27 v1.2 Algorithmicx
 (/usr/share/texmf-texlive/tex/latex/base/ifthen.sty
Package: ifthen 2001/05/26 v1.1c Standard LaTeX ifthen package (DPC)
)
Document Style algorithmicx 1.2 - a greatly improved `algorithmic' style
\c@ALG@line=\count132
\c@ALG@rem=\count133
\c@ALG@nested=\count134
\ALG@tlm=\skip58
\ALG@thistlm=\skip59
\c@ALG@Lnr=\count135
\c@ALG@blocknr=\count136
\c@ALG@storecount=\count137
\c@ALG@tmpcounter=\count138
\ALG@tmplength=\skip60
) (./algpseudocode.sty
Package: algpseudocode 

Document Style - pseudocode environments for use with the `algorithmicx' style
) (/usr/share/texmf-texlive/tex/latex/base/textcomp.sty
Package: textcomp 2005/09/27 v1.99g Standard LaTeX package
Package textcomp Info: Sub-encoding information:
(textcomp)               5 = only ISO-Adobe without \textcurrency
(textcomp)               4 = 5 + \texteuro
(textcomp)               3 = 4 + \textohm
(textcomp)               2 = 3 + \textestimated + \textcurrency
(textcomp)               1 = TS1 - \textcircled - \t
(textcomp)               0 = TS1 (full)
(textcomp)             Font families with sub-encoding setting implement
(textcomp)             only a restricted character set as indicated.
(textcomp)             Family '?' is the default used for unknown fonts.
(textcomp)             See the documentation for details.
Package textcomp Info: Setting ? sub-encoding to TS1/1 on input line 71.

(/usr/share/texmf-texlive/tex/latex/base/ts1enc.def
File: ts1enc.def 2001/06/05 v3.0e (jk/car/fm) Standard LaTeX file
)
LaTeX Info: Redefining \oldstylenums on input line 266.
Package textcomp Info: Setting cmr sub-encoding to TS1/0 on input line 281.
Package textcomp Info: Setting cmss sub-encoding to TS1/0 on input line 282.
Package textcomp Info: Setting cmtt sub-encoding to TS1/0 on input line 283.
Package textcomp Info: Setting cmvtt sub-encoding to TS1/0 on input line 284.
Package textcomp Info: Setting cmbr sub-encoding to TS1/0 on input line 285.
Package textcomp Info: Setting cmtl sub-encoding to TS1/0 on input line 286.
Package textcomp Info: Setting ccr sub-encoding to TS1/0 on input line 287.
Package textcomp Info: Setting ptm sub-encoding to TS1/4 on input line 288.
Package textcomp Info: Setting pcr sub-encoding to TS1/4 on input line 289.
Package textcomp Info: Setting phv sub-encoding to TS1/4 on input line 290.
Package textcomp Info: Setting ppl sub-encoding to TS1/3 on input line 291.
Package textcomp Info: Setting pag sub-encoding to TS1/4 on input line 292.
Package textcomp Info: Setting pbk sub-encoding to TS1/4 on input line 293.
Package textcomp Info: Setting pnc sub-encoding to TS1/4 on input line 294.
Package textcomp Info: Setting pzc sub-encoding to TS1/4 on input line 295.
Package textcomp Info: Setting bch sub-encoding to TS1/4 on input line 296.
Package textcomp Info: Setting put sub-encoding to TS1/5 on input line 297.
Package textcomp Info: Setting uag sub-encoding to TS1/5 on input line 298.
Package textcomp Info: Setting ugq sub-encoding to TS1/5 on input line 299.
Package textcomp Info: Setting ul8 sub-encoding to TS1/4 on input line 300.
Package textcomp Info: Setting ul9 sub-encoding to TS1/4 on input line 301.
Package textcomp Info: Setting augie sub-encoding to TS1/5 on input line 302.
Package textcomp Info: Setting dayrom sub-encoding to TS1/3 on input line 303.
Package textcomp Info: Setting dayroms sub-encoding to TS1/3 on input line 304.

Package textcomp Info: Setting pxr sub-encoding to TS1/0 on input line 305.
Package textcomp Info: Setting pxss sub-encoding to TS1/0 on input line 306.
Package textcomp Info: Setting pxtt sub-encoding to TS1/0 on input line 307.
Package textcomp Info: Setting txr sub-encoding to TS1/0 on input line 308.
Package textcomp Info: Setting txss sub-encoding to TS1/0 on input line 309.
Package textcomp Info: Setting txtt sub-encoding to TS1/0 on input line 310.
Package textcomp Info: Setting futs sub-encoding to TS1/4 on input line 311.
Package textcomp Info: Setting futx sub-encoding to TS1/4 on input line 312.
Package textcomp Info: Setting futj sub-encoding to TS1/4 on input line 313.
Package textcomp Info: Setting hlh sub-encoding to TS1/3 on input line 314.
Package textcomp Info: Setting hls sub-encoding to TS1/3 on input line 315.
Package textcomp Info: Setting hlst sub-encoding to TS1/3 on input line 316.
Package textcomp Info: Setting hlct sub-encoding to TS1/5 on input line 317.
Package textcomp Info: Setting hlx sub-encoding to TS1/5 on input line 318.
Package textcomp Info: Setting hlce sub-encoding to TS1/5 on input line 319.
Package textcomp Info: Setting hlcn sub-encoding to TS1/5 on input line 320.
Package textcomp Info: Setting hlcw sub-encoding to TS1/5 on input line 321.
Package textcomp Info: Setting hlcf sub-encoding to TS1/5 on input line 322.
Package textcomp Info: Setting pplx sub-encoding to TS1/3 on input line 323.
Package textcomp Info: Setting pplj sub-encoding to TS1/3 on input line 324.
Package textcomp Info: Setting ptmx sub-encoding to TS1/4 on input line 325.
Package textcomp Info: Setting ptmj sub-encoding to TS1/4 on input line 326.
)
(/usr/share/texmf-texlive/tex/latex/mathcomp/mathcomp.sty
Package: mathcomp 2001/01/07 v0.1f (TBo)
\symTC=\mathgroup6
LaTeX Font Info:    Overwriting symbol font `TC' in version `bold'
(Font)                  TS1/cmr/m/n --> TS1/cmr/bx/n on input line 25.
LaTeX Font Info:    Redeclaring math symbol \dagger on input line 47.
LaTeX Font Info:    Redeclaring math symbol \ddagger on input line 48.
)
(/usr/share/texmf-texlive/tex/latex/base/fontenc.sty
Package: fontenc 2005/09/27 v1.99g Standard LaTeX package
)
(/usr/share/texmf-texlive/tex/latex/float/float.sty
Package: float 2001/11/08 v1.3d Float enhancements (AL)
\c@float@type=\count139
\float@exts=\toks39
\float@box=\box41
\@float@everytoks=\toks40
\@floatcapt=\box42
)
(/usr/share/texmf-texlive/tex/latex/hyperref/hyperref.sty
Package: hyperref 2009/10/09 v6.79a Hypertext links for LaTeX

(/usr/share/texmf-texlive/tex/generic/oberdiek/ifpdf.sty
Package: ifpdf 2009/04/10 v2.0 Provides the ifpdf switch (HO)
Package ifpdf Info: pdfTeX in pdf mode not detected.
)
(/usr/share/texmf-texlive/tex/generic/oberdiek/ifvtex.sty
Package: ifvtex 2008/11/04 v1.4 Switches for detecting VTeX and its modes (HO)
Package ifvtex Info: VTeX not detected.
)
(/usr/share/texmf-texlive/tex/generic/ifxetex/ifxetex.sty
Package: ifxetex 2009/01/23 v0.5 Provides ifxetex conditional
)
(/usr/share/texmf-texlive/tex/latex/oberdiek/hycolor.sty
Package: hycolor 2009/10/02 v1.5 Code for color options of hyperref/bookmark (H
O)

(/usr/share/texmf-texlive/tex/latex/oberdiek/xcolor-patch.sty
Package: xcolor-patch 2009/10/02 xcolor patch
))
\@linkdim=\dimen167
\Hy@linkcounter=\count140
\Hy@pagecounter=\count141

(/usr/share/texmf-texlive/tex/latex/hyperref/pd1enc.def
File: pd1enc.def 2009/10/09 v6.79a Hyperref: PDFDocEncoding definition (HO)
)
(/usr/share/texmf-texlive/tex/generic/oberdiek/etexcmds.sty
Package: etexcmds 2007/12/12 v1.2 Prefix for e-TeX command names (HO)

(/usr/share/texmf-texlive/tex/generic/oberdiek/infwarerr.sty
Package: infwarerr 2007/09/09 v1.2 Providing info/warning/message (HO)
)
Package etexcmds Info: Could not find \expanded.
(etexcmds)             That can mean that you are not using pdfTeX 1.50 or
(etexcmds)             that some package has redefined \expanded.
(etexcmds)             In the latter case, load this package earlier.
)
(/usr/share/texmf-texlive/tex/latex/latexconfig/hyperref.cfg
File: hyperref.cfg 2002/06/06 v1.2 hyperref configuration of TeXLive
)
(/usr/share/texmf-texlive/tex/latex/oberdiek/kvoptions.sty
Package: kvoptions 2009/08/13 v3.4 Keyval support for LaTeX options (HO)

(/usr/share/texmf-texlive/tex/generic/oberdiek/kvsetkeys.sty
Package: kvsetkeys 2009/07/30 v1.5 Key value parser with default handler suppor
t (HO)
))
Package hyperref Info: Option `hyperindex' set `true' on input line 2864.
Package hyperref Info: Option `bookmarks' set `true' on input line 2864.
Package hyperref Info: Option `breaklinks' set `true' on input line 2864.
Package hyperref Info: Option `linktocpage' set `true' on input line 2864.
Package hyperref Info: Hyper figures OFF on input line 2975.
Package hyperref Info: Link nesting OFF on input line 2980.
Package hyperref Info: Hyper index ON on input line 2983.
Package hyperref Info: Plain pages OFF on input line 2990.
Package hyperref Info: Backreferencing OFF on input line 2995.

Implicit mode ON; LaTeX internals redefined
Package hyperref Info: Bookmarks ON on input line 3191.
LaTeX Info: Redefining \url on input line 3428.
(/usr/share/texmf-texlive/tex/generic/oberdiek/bitset.sty
Package: bitset 2007/09/28 v1.0 Data type bit set (HO)

(/usr/share/texmf-texlive/tex/generic/oberdiek/intcalc.sty
Package: intcalc 2007/09/27 v1.1 Expandable integer calculations (HO)
)
(/usr/share/texmf-texlive/tex/generic/oberdiek/bigintcalc.sty
Package: bigintcalc 2007/11/11 v1.1 Expandable big integer calculations (HO)

(/usr/share/texmf-texlive/tex/generic/oberdiek/pdftexcmds.sty
Package: pdftexcmds 2009/09/23 v0.6 LuaTeX support for pdfTeX utility functions
 (HO)

(/usr/share/texmf-texlive/tex/generic/oberdiek/ifluatex.sty
Package: ifluatex 2009/04/17 v1.2 Provides the ifluatex switch (HO)
Package ifluatex Info: LuaTeX not detected.
)
(/usr/share/texmf-texlive/tex/generic/oberdiek/ltxcmds.sty
Package: ltxcmds 2009/08/05 v1.0 Some LaTeX kernel commands for general use (HO
)
)
Package pdftexcmds Info: LuaTeX not detected.
Package pdftexcmds Info: \pdf@primitive is available.
Package pdftexcmds Info: \pdf@ifprimitive is available.
)))
\Fld@menulength=\count142
\Field@Width=\dimen168
\Fld@charsize=\dimen169
\Field@toks=\toks41
Package hyperref Info: Hyper figures OFF on input line 4377.
Package hyperref Info: Link nesting OFF on input line 4382.
Package hyperref Info: Hyper index ON on input line 4385.
Package hyperref Info: backreferencing OFF on input line 4392.
Package hyperref Info: Link coloring OFF on input line 4397.
Package hyperref Info: Link coloring with OCG OFF on input line 4402.
Package hyperref Info: PDF/A mode OFF on input line 4407.

(/usr/share/texmf-texlive/tex/generic/oberdiek/atbegshi.sty
Package: atbegshi 2008/07/31 v1.9 At begin shipout hook (HO)
)
\Hy@abspage=\count143
\c@Item=\count144
\c@Hfootnote=\count145
)
*hyperref using driver hdvips*
(/usr/share/texmf-texlive/tex/latex/hyperref/hdvips.def
File: hdvips.def 2009/10/09 v6.79a Hyperref driver for dvips

(/usr/share/texmf-texlive/tex/latex/hyperref/pdfmark.def
File: pdfmark.def 2009/10/09 v6.79a Hyperref definitions for pdfmark specials


Package hyperref Warning: You have enabled option `breaklinks'.
(hyperref)                But driver `hdvips.def' does not suppport this.
(hyperref)                Expect trouble with the link areas of broken links.

\pdf@docset=\toks42
\pdf@box=\box43
\pdf@toks=\toks43
\pdf@defaulttoks=\toks44
\Fld@listcount=\count146
)) (/usr/share/texmf-texlive/tex/latex/breakurl/breakurl.sty
Package: breakurl 2009/01/24 v1.30 Breakable hyperref URLs

(/usr/share/texmf-texlive/tex/latex/xkeyval/xkeyval.sty
Package: xkeyval 2008/08/13 v2.6a package option processing (HA)

(/usr/share/texmf-texlive/tex/generic/xkeyval/xkeyval.tex
\XKV@toks=\toks45
\XKV@tempa@toks=\toks46
\XKV@depth=\count147
File: xkeyval.tex 2008/08/13 v2.6a key=value parser (HA)
))
\burl@toks=\toks47
) (./algorithm.sty
Package: algorithm 

Document Style `algorithm' - floating environment
\@float@every@algorithm=\toks48
\c@algorithm=\count148
)
\c@example=\count149
\c@definition=\count150
 (./thesis.aux (./ack.aux) (./abstract.aux) (./chapter1.aux) (./chapter2.aux

LaTeX Warning: Label `Figure1' multiply defined.

) (./chapter3.aux) (./chapter4.aux) (./chapter5.aux)

LaTeX Warning: Label `Andrews2003WSBPEL' multiply defined.


LaTeX Warning: Label `Alur94' multiply defined.


LaTeX Warning: Label `Ban06' multiply defined.


LaTeX Warning: Label `Clarke96' multiply defined.


LaTeX Warning: Label `Clarke99' multiply defined.


LaTeX Warning: Label `Holz04' multiply defined.


LaTeX Warning: Label `Fost04' multiply defined.


LaTeX Warning: Label `Abrial80' multiply defined.


LaTeX Warning: Label `Larsen97' multiply defined.


LaTeX Warning: Label `Pnueli77' multiply defined.


LaTeX Warning: Label `Foster03' multiply defined.


LaTeX Warning: Label `Henzinger94' multiply defined.

)
\openout1 = `thesis.aux'.

LaTeX Font Info:    Checking defaults for OML/cmm/m/it on input line 207.
LaTeX Font Info:    ... okay on input line 207.
LaTeX Font Info:    Checking defaults for T1/cmr/m/n on input line 207.
LaTeX Font Info:    ... okay on input line 207.
LaTeX Font Info:    Checking defaults for OT1/cmr/m/n on input line 207.
LaTeX Font Info:    ... okay on input line 207.
LaTeX Font Info:    Checking defaults for OMS/cmsy/m/n on input line 207.
LaTeX Font Info:    ... okay on input line 207.
LaTeX Font Info:    Checking defaults for OMX/cmex/m/n on input line 207.
LaTeX Font Info:    ... okay on input line 207.
LaTeX Font Info:    Checking defaults for U/cmr/m/n on input line 207.
LaTeX Font Info:    ... okay on input line 207.
LaTeX Font Info:    Checking defaults for TS1/cmr/m/n on input line 207.
LaTeX Font Info:    Try loading font information for TS1+cmr on input line 207.

 (/usr/share/texmf-texlive/tex/latex/base/ts1cmr.fd
File: ts1cmr.fd 1999/05/25 v2.5h Standard LaTeX font definitions
)
LaTeX Font Info:    ... okay on input line 207.
LaTeX Font Info:    Checking defaults for PD1/pdf/m/n on input line 207.
LaTeX Font Info:    ... okay on input line 207.
LaTeX Font Info:    Try loading font information for OT1+pbk on input line 207.


(/usr/share/texmf-texlive/tex/latex/psnfss/ot1pbk.fd
File: ot1pbk.fd 2001/06/04 font definitions for OT1/pbk.
)
LaTeX Font Info:    Font shape `OT1/pbk/m/n' in size <10> not available
(Font)              Font shape `OT1/pbk/l/n' tried instead on input line 207.

ABD: EveryShipout initializing macros
\c@lstlisting=\count151
Package hyperref Info: Link coloring OFF on input line 207.

(/usr/share/texmf-texlive/tex/latex/hyperref/nameref.sty
Package: nameref 2007/05/29 v2.31 Cross-referencing by name of section

(/usr/share/texmf-texlive/tex/latex/oberdiek/refcount.sty
Package: refcount 2008/08/11 v3.1 Data extraction from references (HO)
)
\c@section@level=\count152
)
LaTeX Info: Redefining \ref on input line 207.
LaTeX Info: Redefining \pageref on input line 207.
 (./thesis.out)
(./thesis.out)
\@outlinefile=\write4
\openout4 = `thesis.out'.

\AtBeginShipoutBox=\box44
LaTeX Font Info:    Font shape `OT1/pbk/m/n' in size <17.28> not available
(Font)              Font shape `OT1/pbk/l/n' tried instead on input line 216.
LaTeX Font Info:    Font shape `OT1/pbk/bx/n' in size <17.28> not available
(Font)              Font shape `OT1/pbk/b/n' tried instead on input line 216.
LaTeX Font Info:    Font shape `OT1/pbk/b/n' in size <17.28> not available
(Font)              Font shape `OT1/pbk/db/n' tried instead on input line 216.
File: logo.eps Graphic file (type eps)
 <logo.eps>
Overfull \hbox (8.7384pt too wide) in paragraph at lines 216--216
 [][] 
 []

LaTeX Font Info:    Font shape `OT1/pbk/m/sc' in size <10> not available
(Font)              Font shape `OT1/pbk/l/sc' tried instead on input line 216.

Overfull \hbox (8.7384pt too wide) in paragraph at lines 216--216
 [][] 
 []

LaTeX Font Info:    Try loading font information for U+msa on input line 216.
(/usr/share/texmf-texlive/tex/latex/amsfonts/umsa.fd
File: umsa.fd 2009/06/22 v3.00 AMS symbols A
)
LaTeX Font Info:    Try loading font information for U+msb on input line 216.

(/usr/share/texmf-texlive/tex/latex/amsfonts/umsb.fd
File: umsb.fd 2009/06/22 v3.00 AMS symbols B
)
LaTeX Font Info:    Font shape `OT1/pbk/m/it' in size <10> not available
(Font)              Font shape `OT1/pbk/l/it' tried instead on input line 216.
 [1

] [2

]
\openout2 = `ack.aux'.

 (./ack.tex
LaTeX Font Info:    Try loading font information for OT1+pag on input line 1.

(/usr/share/texmf-texlive/tex/latex/psnfss/ot1pag.fd
File: ot1pag.fd 2001/06/04 font definitions for OT1/pag.
)
LaTeX Font Info:    Font shape `OT1/pag/bx/n' in size <14.4> not available
(Font)              Font shape `OT1/pag/b/n' tried instead on input line 1.
LaTeX Font Info:    Font shape `OT1/pag/b/n' in size <14.4> not available
(Font)              Font shape `OT1/pag/db/n' tried instead on input line 1.
) [1


]
\openout2 = `abstract.aux'.

 (./abstract.tex
[2



]
LaTeX Font Info:    Font shape `OT1/pbk/m/n' in size <24.88> not available
(Font)              Font shape `OT1/pbk/l/n' tried instead on input line 1.
LaTeX Font Info:    Font shape `OT1/pag/bx/n' in size <24.88> not available
(Font)              Font shape `OT1/pag/b/n' tried instead on input line 1.
LaTeX Font Info:    Font shape `OT1/pag/b/n' in size <24.88> not available
(Font)              Font shape `OT1/pag/db/n' tried instead on input line 1.

Underfull \vbox (badness 2343) has occurred while \output is active []

 [3])
Underfull \vbox (badness 10000) has occurred while \output is active []

 [4]
[5] [6


] (./thesis.toc
LaTeX Font Info:    Font shape `OT1/pbk/bx/n' in size <10> not available
(Font)              Font shape `OT1/pbk/b/n' tried instead on input line 1.
LaTeX Font Info:    Font shape `OT1/pbk/b/n' in size <10> not available
(Font)              Font shape `OT1/pbk/db/n' tried instead on input line 1.
Missing character: There is no ó in font pbkl7t!
Missing character: There is no ó in font pbkl7t!
Missing character: There is no ó in font pbkl7t!
 [7])
\tf@toc=\write5
\openout5 = `thesis.toc'.

 [8] (./thesis.lof)
\tf@lof=\write6
\openout6 = `thesis.lof'.

 [9


] [10

] (./thesis.lot)
\tf@lot=\write7
\openout7 = `thesis.lot'.

 [11

]
[12

]
\openout2 = `chapter1.aux'.

 (./chapter1.tex
Chapter 1.
LaTeX Font Info:    Font shape `OT1/pbk/m/n' in size <20.74> not available
(Font)              Font shape `OT1/pbk/l/n' tried instead on input line 1.

Underfull \vbox (badness 10000) has occurred while \output is active []

 [1



]

LaTeX Warning: Citation `Foster2004' on page 2 undefined on input line 34.


LaTeX Warning: Citation `Czajkowski2004' on page 2 undefined on input line 39.

LaTeX Font Info:    Font shape `OT1/pag/bx/n' in size <12> not available
(Font)              Font shape `OT1/pag/b/n' tried instead on input line 62.
LaTeX Font Info:    Font shape `OT1/pag/b/n' in size <12> not available
(Font)              Font shape `OT1/pag/db/n' tried instead on input line 62.

Underfull \vbox (badness 10000) has occurred while \output is active []

 [2]
Overfull \hbox (3.78696pt too wide) in paragraph at lines 75--76
\OT1/pbk/l/n/10 To meet this over-all ob-jec-tives the fol-low-ing spe-cific ob
-jec-tives should be achieved: 
 []

LaTeX Font Info:    Try loading font information for TS1+pbk on input line 79.
(/usr/share/texmf-texlive/tex/latex/psnfss/ts1pbk.fd
File: ts1pbk.fd 2001/06/04 font definitions for TS1/pbk.
)
LaTeX Font Info:    Font shape `TS1/pbk/m/n' in size <10> not available
(Font)              Font shape `TS1/pbk/l/n' tried instead on input line 79.
 [3]) [4] [5] [6


]
\openout2 = `chapter2.aux'.


(./chapter2.tex
Chapter 2.

Underfull \vbox (badness 1902) has occurred while \output is active []

 [7


]
File: Figures/usos.eps Graphic file (type eps)

<Figures/usos.eps>
Underfull \vbox (badness 10000) has occurred while \output is active []

 [8]
[9]
File: Figures/coste.eps Graphic file (type eps)
 <Figures/coste.eps>
Underfull \vbox (badness 4927) has occurred while \output is active []

 [10]
Underfull \vbox (badness 2818) has occurred while \output is active []

 [11]
File: Figures/clientserver.eps Graphic file (type eps)

<Figures/clientserver.eps>

LaTeX Warning: Citation `Papazoglou2007' on page 12 undefined on input line 166
.


Underfull \vbox (badness 4036) has occurred while \output is active []

 [12]

LaTeX Warning: Citation `Karp2000' on page 13 undefined on input line 183.


LaTeX Warning: Citation `Sun1999' on page 13 undefined on input line 183.


Overfull \hbox (5.06921pt too wide) in paragraph at lines 188--190
\OT1/pbk/l/n/10 by its de-scrip-tion us-ing SOAP-messages, typ-i-cally con-veye
d us-ing HTTP
 []

[13]

LaTeX Warning: Citation `W3C2001' on page 14 undefined on input line 194.


LaTeX Warning: Citation `W3C2007' on page 14 undefined on input line 196.


LaTeX Warning: Citation `OASIS2004' on page 14 undefined on input line 199.

File: Figures/ws-stack.eps Graphic file (type eps)
<Figures/ws-stack.eps>

LaTeX Warning: `h' float specifier changed to `ht'.


LaTeX Warning: Citation `Papazoglou2007' on page 14 undefined on input line 229
.


Underfull \vbox (badness 4927) has occurred while \output is active []

 [14]

LaTeX Warning: Citation `W3C2005' on page 15 undefined on input line 242.

File: Figures/WSCDL.eps Graphic file (type eps)
<Figures/WSCDL.eps>

LaTeX Warning: `h' float specifier changed to `ht'.


Underfull \vbox (badness 10000) has occurred while \output is active []

 [15]
Underfull \vbox (badness 5578) has occurred while \output is active []

 [16]
Missing character: There is no í in font pbkl7t!

Overfull \hbox (430.43954pt too wide) in paragraph at lines 265--266
[]\OT1/pbk/l/n/10 ============================================Hasta aqu========
========================================================================== 
 []

Missing character: There is no á in font pbkl7t!
Missing character: There is no ó in font pbkl7t!
Missing character: There is no á in font pbkl7t!
Missing character: There is no ú in font pbkl7t!
Missing character: There is no á in font pbkl7t!
Missing character: There is no í in font pbkl7t!
Missing character: There is no ó in font pbkl7t!
Missing character: There is no é in font pbkl7t!
Missing character: There is no ú in font pbkl7t!
Missing character: There is no á in font pbkl7t!
Missing character: There is no ó in font pbkl7t!
Missing character: There is no é in font pbkl7t!
Missing character: There is no ñ in font pbkl7t!
Missing character: There is no ó in font pbkl7t!
Missing character: There is no á in font pbkl7t!
Missing character: There is no ó in font pbkl7t!
Missing character: There is no ó in font pbkl7t!
Missing character: There is no ó in font pbkl7t!
Missing character: There is no ó in font pbkl7t!
Missing character: There is no á in font pbkl7t!
Missing character: There is no ñ in font pbkl7t!
Missing character: There is no í in font pbkl7t!
Missing character: There is no í in font pbkl7t!
Missing character: There is no ñ in font pbkl7t!
Missing character: There is no í in font pbkl7t!
Missing character: There is no í in font pbkl7t!
Missing character: There is no ó in font pbkl7t!
Missing character: There is no í in font pbkl7t!
Missing character: There is no ó in font pbkl7t!
Missing character: There is no ó in font pbkl7t!
Missing character: There is no á in font pbkl7t!
Missing character: There is no é in font pbkl7t!
Missing character: There is no í in font pbkl7t!
Missing character: There is no ó in font pbkl7t!
Missing character: There is no í in font pbkl7t!
Missing character: There is no í in font pbkl7t!
Missing character: There is no í in font pbkl7t!
Missing character: There is no é in font pbkl7t!
Missing character: There is no á in font pbkl7t!
Missing character: There is no é in font pbkl7t!
Missing character: There is no á in font pbkl7t!
Missing character: There is no á in font pbkl7t!
Missing character: There is no á in font pbkl7t!
Missing character: There is no ó in font pbkl7t!
Missing character: There is no ú in font pbkl7t!
Missing character: There is no á in font pbkl7t!
Missing character: There is no í in font pbkl7t!
Missing character: There is no á in font pbkl7t!
Missing character: There is no á in font pbkl7t!
Missing character: There is no ó in font pbkl7t!
Missing character: There is no á in font pbkl7t!
Missing character: There is no á in font pbkl7t!
Missing character: There is no ó in font pbkl7t!
Missing character: There is no á in font pbkl7t!
Missing character: There is no ó in font pbkl7t!

Underfull \vbox (badness 1377) has occurred while \output is active []

 [17]
Missing character: There is no ó in font pagd7t!

Underfull \vbox (badness 10000) has occurred while \output is active []

 [18]
Missing character: There is no á in font pbkl7t!
Missing character: There is no ú in font pbkl7t!
Missing character: There is no ó in font pbkl7t!

Underfull \hbox (badness 10000) in paragraph at lines 278--279

 []

Missing character: There is no ñ in font pbkl7t!
Missing character: There is no ó in font pbkl7t!
Missing character: There is no í in font pbkl7t!
Missing character: There is no á in font pbkl7t!
Missing character: There is no á in font pbkl7t!
Missing character: There is no ñ in font pbkl7t!
Missing character: There is no é in font pbkl7t!
Missing character: There is no á in font pbkl7t!
Missing character: There is no á in font pbkl7t!
Missing character: There is no á in font pbkl7t!
Missing character: There is no ú in font pbkl7t!
Missing character: There is no í in font pbkl7t!
Missing character: There is no ó in font pbkl7t!
Missing character: There is no ó in font pbkl7t!
Missing character: There is no ó in font pbkl7t!
Missing character: There is no ó in font pbkl7t!
Missing character: There is no ó in font pbkl7t!
Missing character: There is no é in font pbkl7t!
Missing character: There is no é in font pbkl7t!
Missing character: There is no ñ in font pbkl7t!
Missing character: There is no í in font pbkl7t!
Missing character: There is no ó in font pbkl7t!
Missing character: There is no ó in font pbkl7t!
Missing character: There is no ó in font pbkl7t!
Missing character: There is no ó in font pbkl7t!
Missing character: There is no ó in font pbkl7t!
Missing character: There is no ó in font pbkl7t!
Missing character: There is no é in font pbkl7t!

Underfull \hbox (badness 10000) in paragraph at lines 280--281

 []

Missing character: There is no ó in font pagk7t!
[19]
Missing character: There is no í in font pbkl7t!
Missing character: There is no é in font pbkl7t!
Missing character: There is no ñ in font pbkl7t!
Missing character: There is no ó in font pbkl7t!
Missing character: There is no í in font pbkl7t!
Missing character: There is no á in font pbkl7t!
Missing character: There is no í in font pbkl7t!
Missing character: There is no ó in font pbkl7t!
Missing character: There is no í in font pbkl7t!
Missing character: There is no á in font pbkl7t!
Missing character: There is no í in font pbkl7t!
Missing character: There is no í in font pbkl7t!
Missing character: There is no ó in font pbkl7t!
Missing character: There is no ó in font pbkl7t!
Missing character: There is no ñ in font pbkl7t!
Missing character: There is no í in font pbkl7t!
Missing character: There is no ñ in font pbkl7t!
Missing character: There is no ñ in font pbkl7t!
Missing character: There is no ó in font pbkl7t!
Missing character: There is no á in font pbkl7t!
Missing character: There is no ó in font pbkl7t!
Missing character: There is no ó in font pbkl7t!
Missing character: There is no ñ in font pbkl7t!
Missing character: There is no í in font pbkl7t!
Missing character: There is no ó in font pbkl7t!
Missing character: There is no í in font pbkl7t!
Missing character: There is no í in font pbkl7t!
Missing character: There is no á in font pbkl7t!

Underfull \hbox (badness 10000) in paragraph at lines 282--283

 []

Missing character: There is no é in font pbkl7t!
Missing character: There is no á in font pbkl7t!
Missing character: There is no í in font pbkl7t!
Missing character: There is no ó in font pbkl7t!

Overfull \hbox (1.40724pt too wide) in paragraph at lines 288--289
[]\OT1/pbk/l/n/10 La ilusin de tener re-cur-sos ilim-i-ta-dos bajo de-manda eli
m-i-nando a los usuar-
 []

Missing character: There is no ó in font pbkl7t!
Missing character: There is no ó in font pbkl7t!
Missing character: There is no ñ in font pbkl7t!
Missing character: There is no í in font pbkl7t!
Missing character: There is no á in font pbkl7t!
Missing character: There is no ó in font pbkl7t!
Missing character: There is no ú in font pbkl7t!
Missing character: There is no í in font pbkl7t!

Underfull \vbox (badness 10000) has occurred while \output is active []

 [20]
Missing character: There is no í in font pbkl7t!
Missing character: There is no ó in font pbkl7t!
Missing character: There is no í in font pbkl7t!
Missing character: There is no ñ in font pbkl7t!
Missing character: There is no í in font pbkl7t!
Missing character: There is no í in font pbkl7t!
Missing character: There is no í in font pbkl7t!
Missing character: There is no ó in font pbkl7t!
Missing character: There is no í in font pbkl7t!
Missing character: There is no ó in font pbkl7t!
Missing character: There is no ó in font pbkl7t!
Missing character: There is no ñ in font pbkl7t!
Missing character: There is no í in font pbkl7t!
Missing character: There is no ó in font pbkl7t!
Missing character: There is no á in font pbkl7t!
Missing character: There is no ñ in font pbkl7t!
Missing character: There is no ú in font pbkl7t!
Missing character: There is no í in font pbkl7t!
Missing character: There is no ó in font pbkl7t!
Missing character: There is no ó in font pbkl7t!
Missing character: There is no í in font pbkl7t!

Underfull \hbox (badness 10000) in paragraph at lines 293--294

 []

Missing character: There is no ó in font pbkl7t!
Missing character: There is no á in font pbkl7t!
Missing character: There is no é in font pbkl7t!
Missing character: There is no ó in font pbkl7t!
Missing character: There is no ó in font pbkl7t!
Missing character: There is no í in font pbkl7t!
File: Figures/actores.eps Graphic file (type eps)
<Figures/actores.eps>
Missing character: There is no ó in font pagd7t!
Missing character: There is no ó in font pbkl7t!
Missing character: There is no ó in font pbkl7t!
Missing character: There is no í in font pbkl7t!
Missing character: There is no é in font pbkl7t!
Missing character: There is no ú in font pbkl7t!
Missing character: There is no ñ in font pbkl7t!
Missing character: There is no í in font pbkl7t!
Missing character: There is no á in font pbkl7t!
Missing character: There is no á in font pbkl7t!
Missing character: There is no á in font pbkl7t!
Missing character: There is no á in font pbkl7t!
Missing character: There is no á in font pbkl7t!
Missing character: There is no ñ in font pbkl7t!
Missing character: There is no ó in font pbkl7t!
Missing character: There is no é in font pbkl7t!
Missing character: There is no á in font pbkl7t!
Missing character: There is no é in font pbkl7t!
Missing character: There is no ó in font pbkl7t!
Missing character: There is no á in font pbkl7t!
Missing character: There is no é in font pbkl7t!
Missing character: There is no ó in font pbkl7t!
Missing character: There is no á in font pbkl7t!
Missing character: There is no á in font pbkl7t!
Missing character: There is no ó in font pbkl7t!
Missing character: There is no é in font pbkl7t!
Missing character: There is no ó in font pbkl7t!
Missing character: There is no í in font pbkl7t!
Missing character: There is no á in font pbkl7t!
Missing character: There is no í in font pbkl7t!
Missing character: There is no ú in font pbkl7t!
Missing character: There is no ó in font pbkl7t!
Missing character: There is no í in font pbkl7t!
Missing character: There is no ó in font pbkl7t!
Missing character: There is no ó in font pbkl7t!
Missing character: There is no í in font pbkl7t!
Missing character: There is no í in font pbkl7t!
Missing character: There is no ó in font pbkl7t!

Underfull \hbox (badness 10000) in paragraph at lines 306--307

 []

Missing character: There is no ó in font pagk7t!
[21] [22]
Missing character: There is no ó in font pbkl7t!
Missing character: There is no í in font pbkl7t!
Missing character: There is no ó in font pbkl7t!
Missing character: There is no í in font pbkl7t!
Missing character: There is no é in font pbkl7t!
Missing character: There is no ó in font pbkl7t!
Missing character: There is no á in font pbkl7t!

Underfull \hbox (badness 10000) in paragraph at lines 309--310

 []

Missing character: There is no ú in font pbkl7t!
Missing character: There is no é in font pbkl7t!
Missing character: There is no á in font pbkl7t!
Missing character: There is no ó in font pbkl7t!
Missing character: There is no ó in font pbkl7t!
Missing character: There is no á in font pbkl7t!
Missing character: There is no ó in font pbkl7t!
Missing character: There is no ú in font pbkl7t!
Missing character: There is no í in font pbkl7t!
Missing character: There is no í in font pbkl7t!
Missing character: There is no ñ in font pbkl7t!
Missing character: There is no í in font pbkl7t!
Missing character: There is no ó in font pbkl7t!
Missing character: There is no á in font pbkl7t!
Missing character: There is no í in font pbkl7t!
Missing character: There is no í in font pbkl7t!
Missing character: There is no ó in font pbkl7t!

Underfull \hbox (badness 10000) in paragraph at lines 311--312

 []


Underfull \vbox (badness 10000) has occurred while \output is active []

Missing character: There is no ó in font pagk7t!
 [23]
Missing character: There is no é in font pbkl7t!
Missing character: There is no í in font pbkl7t!
Missing character: There is no í in font pbkl7t!
Missing character: There is no é in font pbkl7t!
Missing character: There is no é in font pbkl7t!
Missing character: There is no í in font pbkl7t!

Underfull \hbox (badness 10000) in paragraph at lines 313--314

 []

Missing character: There is no ú in font pbkl7t!
Missing character: There is no ó in font pbkl7t!
Missing character: There is no ó in font pbkl7t!
Missing character: There is no á in font pbkl7t!
Missing character: There is no ú in font pbkl7t!
Missing character: There is no ó in font pbkl7t!
Missing character: There is no ú in font pbkl7t!
Missing character: There is no ó in font pbkl7t!
Missing character: There is no í in font pbkl7t!
Missing character: There is no á in font pbkl7t!
Missing character: There is no ó in font pbkl7t!
Missing character: There is no í in font pbkl7t!
Missing character: There is no ñ in font pbkl7t!
Missing character: There is no ó in font pbkl7t!
Missing character: There is no á in font pbkl7t!
Missing character: There is no ó in font pbkl7t!
Missing character: There is no í in font pbkl7t!
Missing character: There is no ó in font pbkl7t!
Missing character: There is no ó in font pbkl7t!
Missing character: There is no é in font pbkl7t!
Missing character: There is no í in font pbkl7t!
Missing character: There is no á in font pbkl7t!

Underfull \hbox (badness 10000) in paragraph at lines 319--320

 []


Underfull \vbox (badness 1377) has occurred while \output is active []

 [24]
Missing character: There is no á in font pbkl7t!
Missing character: There is no á in font pbkl7t!
Missing character: There is no ó in font pbkl7t!
Missing character: There is no ó in font pbkl7t!
Missing character: There is no á in font pbkl7t!

Underfull \hbox (badness 10000) in paragraph at lines 321--322

 []

Missing character: There is no ó in font pbkl7t!
Missing character: There is no ó in font pbkl7t!
Missing character: There is no ó in font pbkl7t!
Missing character: There is no ó in font pbkl7t!
Missing character: There is no í in font pbkl7t!
Missing character: There is no ó in font pbkl7t!
Missing character: There is no é in font pbkl7t!
Missing character: There is no í in font pbkl7t!
Missing character: There is no é in font pbkl7t!
Missing character: There is no á in font pbkl7t!
Missing character: There is no é in font pbkl7t!
Missing character: There is no ó in font pbkl7t!

Underfull \vbox (badness 10000) has occurred while \output is active []

 [25]
Missing character: There is no ó in font pagd7t!
Missing character: There is no ó in font pbkl7t!
Missing character: There is no á in font pbkl7t!
Missing character: There is no á in font pbkl7t!
Missing character: There is no ó in font pbkl7t!
Missing character: There is no é in font pbkl7t!
Missing character: There is no í in font pbkl7t!
Missing character: There is no ó in font pbkl7t!
Missing character: There is no á in font pbkl7t!
Missing character: There is no ó in font pbkl7t!
Missing character: There is no é in font pbkl7t!
Missing character: There is no ó in font pbkl7t!
Missing character: There is no ó in font pbkl7t!
Missing character: There is no á in font pbkl7t!
Missing character: There is no é in font pbkl7t!

Underfull \hbox (badness 10000) in paragraph at lines 328--329

 []

Missing character: There is no ó in font pbkl7t!
Missing character: There is no ó in font pbkl7t!
Missing character: There is no ó in font pbkl7t!
Missing character: There is no ó in font pbkl7t!
Missing character: There is no í in font pbkl7t!
Missing character: There is no á in font pbkl7t!
Missing character: There is no ó in font pbkl7t!
Missing character: There is no ó in font pbkl7t!
Missing character: There is no ó in font pbkl7t!
Missing character: There is no ó in font pbkl7t!
Missing character: There is no ó in font pbkl7t!
Missing character: There is no á in font pbkl7t!
Missing character: There is no ó in font pbkl7t!
Missing character: There is no ó in font pbkl7t!
Missing character: There is no ó in font pbkl7t!
Missing character: There is no á in font pbkl7t!
Missing character: There is no ó in font pbkl7t!
Missing character: There is no í in font pbkl7t!
Missing character: There is no ó in font pbkl7t!
Missing character: There is no á in font pbkl7t!
Missing character: There is no á in font pbkl7t!
Missing character: There is no ó in font pbkl7t!
Missing character: There is no í in font pbkl7t!
Missing character: There is no í in font pbkl7t!
Missing character: There is no í in font pbkl7t!
Missing character: There is no ó in font pbkl7t!
Missing character: There is no á in font pbkl7t!
Missing character: There is no í in font pbkl7t!
Missing character: There is no ó in font pbkl7t!
Missing character: There is no ó in font pbkl7t!
Missing character: There is no ó in font pbkl7t!
Missing character: There is no é in font pbkl7t!

Underfull \vbox (badness 1122) has occurred while \output is active []

 [26]
Missing character: There is no í in font pbkl7t!
Missing character: There is no ó in font pbkl7t!
Missing character: There is no í in font pbkl7t!
Missing character: There is no ó in font pbkl7t!
Missing character: There is no é in font pbkl7t!
Missing character: There is no á in font pbkl7t!
Missing character: There is no í in font pbkl7t!
Missing character: There is no í in font pbkl7t!
Missing character: There is no í in font pbkl7t!
Missing character: There is no á in font pbkl7t!
Missing character: There is no ó in font pbkl7t!
Missing character: There is no é in font pbkl7t!
Missing character: There is no ó in font pbkl7t!
Missing character: There is no á in font pbkl7t!
Missing character: There is no ú in font pbkl7t!
Missing character: There is no á in font pbkl7t!
Missing character: There is no é in font pbkl7t!
Missing character: There is no ó in font pbkl7t!
Missing character: There is no á in font pbkl7t!
Missing character: There is no ó in font pbkl7t!
Missing character: There is no ó in font pbkl7t!
Missing character: There is no á in font pbkl7t!
Missing character: There is no ó in font pbkl7t!
Missing character: There is no ñ in font pbkl7t!
Missing character: There is no ó in font pbkl7t!

[27]
LaTeX Font Info:    Font shape `OT1/pag/m/it' in size <10> not available
(Font)              Font shape `OT1/pag/m/sl' tried instead on input line 344.
Missing character: There is no ó in font pbkl7t!
Missing character: There is no ó in font pbkl7t!
Missing character: There is no ú in font pbkd7t!
Missing character: There is no á in font pbkl7t!

Underfull \hbox (badness 10000) in paragraph at lines 345--346

 []

(/usr/share/texmf-texlive/tex/latex/listings/lstlang1.sty
File: lstlang1.sty 2004/09/05 1.3 listings language file
)
(/usr/share/texmf-texlive/tex/latex/listings/lstmisc.sty
File: lstmisc.sty 2007/02/22 1.4 (Carsten Heinz)
)
LaTeX Font Info:    Font shape `OT1/pbk/m/n' in size <9> not available
(Font)              Font shape `OT1/pbk/l/n' tried instead on input line 351.
LaTeX Font Info:    Try loading font information for OML+pbk on input line 353.


(/usr/share/texmf-texlive/tex/latex/psnfss/omlpbk.fd
File: omlpbk.fd 
)
LaTeX Font Info:    Font shape `OML/pbk/m/n' in size <9> not available
(Font)              Font shape `OML/cmm/m/it' tried instead on input line 353.
Missing character: There is no ó in font pbkl7t!
Missing character: There is no é in font pbkl7t!
Missing character: There is no á in font pbkl7t!
Missing character: There is no í in font pbkl7t!
 [28]
LaTeX Font Info:    Font shape `OT1/pbk/m/n' in size <8> not available
(Font)              Font shape `OT1/pbk/l/n' tried instead on input line 380.
LaTeX Font Info:    Font shape `OML/pbk/m/n' in size <8> not available
(Font)              Font shape `OML/cmm/m/it' tried instead on input line 382.
Missing character: There is no é in font pbkl7t!
Missing character: There is no ñ in font pbkl7t!
Missing character: There is no ó in font pbkl7t!
Missing character: There is no í in font pbkl7t!
 [29]
Missing character: There is no í in font pbkl7t!
Missing character: There is no é in font pbkl7t!
Missing character: There is no ú in font pbkl7t!
Missing character: There is no ñ in font pbkl7t!
Missing character: There is no í in font pbkl7t!
LaTeX Font Info:    Font shape `TS1/pbk/m/n' in size <9> not available
(Font)              Font shape `TS1/pbk/l/n' tried instead on input line 449.
 [30]
Missing character: There is no í in font pbkl7t!
Missing character: There is no ñ in font pbkl7t!
Missing character: There is no é in font pbkl7t!
Missing character: There is no ó in font pbkl7t!
Missing character: There is no í in font pbkl7t!
Missing character: There is no É in font pbkl7t!
Missing character: There is no ó in font pbkl7t!
Missing character: There is no ó in font pbkl7t!
Missing character: There is no ó in font pbkl7t!
Missing character: There is no ó in font pbkl7t!
Missing character: There is no é in font pbkl7t!
 [31]
Missing character: There is no ó in font pbkl7t!
Missing character: There is no ú in font pbkl7t!
Missing character: There is no í in font pbkl7t!
Missing character: There is no ó in font pbkl7t!
Missing character: There is no ó in font pbkl7t!
Missing character: There is no ó in font pbkl7t!
Missing character: There is no ó in font pbkl7t!
Missing character: There is no ó in font pbkl7t!
Missing character: There is no ó in font pbkl7t!
Missing character: There is no ó in font pbkl7t!
Missing character: There is no á in font pbkl7t!
Missing character: There is no ó in font pbkl7t!
Missing character: There is no é in font pbkl7t!
Missing character: There is no ó in font pbkl7t!
Missing character: There is no ó in font pbkl7t!
Missing character: There is no ó in font pbkl7t!
Missing character: There is no í in font pbkl7t!
Missing character: There is no ó in font pagko7t!
Missing character: There is no ó in font pbkl7t!
Missing character: There is no ó in font pbkl7t!
Missing character: There is no í in font pbkl7t!
Missing character: There is no ó in font pagko7t!
Missing character: There is no ó in font pbkl7t!
Missing character: There is no é in font pbkl7t!
Missing character: There is no é in font pbkl7t!
Missing character: There is no ó in font pbkl7t!
Missing character: There is no ó in font pbkl7t!
Missing character: There is no ó in font pbkl7t!

Underfull \vbox (badness 5607) has occurred while \output is active []

 [32]
Missing character: There is no ó in font pbkl7t!
Missing character: There is no ó in font pbkl7t!
Missing character: There is no ó in font pbkl7t!
Missing character: There is no á in font pbkl7t!
Missing character: There is no ó in font pbkl7t!
Missing character: There is no ó in font pbkl7t!

Underfull \hbox (badness 10000) in paragraph at lines 534--535

 []

Missing character: There is no ó in font pbkl7t!
Missing character: There is no á in font pbkl7t!
Missing character: There is no ó in font pbkl7t!
[33]
Missing character: There is no á in font pbkl7t!
Missing character: There is no ó in font pbkl7t!
Missing character: There is no ó in font pbkl7t!
Missing character: There is no ó in font pbkl7t!
Missing character: There is no ó in font pbkl7t!
Missing character: There is no ó in font pbkl7t!
Missing character: There is no ó in font pbkl7t!
Missing character: There is no í in font pbkl7t!
Missing character: There is no ó in font pbkl7t!
Missing character: There is no ú in font pbkl7t!
Missing character: There is no ó in font pbkl7t!
 [34]
Missing character: There is no ó in font pbkl7t!
Missing character: There is no á in font pbkl7t!
Missing character: There is no ó in font pbkl7t!
Missing character: There is no ó in font pbkl7t!
Missing character: There is no ó in font pbkl7t!
Missing character: There is no ó in font pbkl7t!
Missing character: There is no ó in font pbkl7t!
Missing character: There is no í in font pbkl7t!
Missing character: There is no á in font pbkl7t!
Missing character: There is no á in font pbkl7t!

Overfull \hbox (5.11713pt too wide) in paragraph at lines 584--585
[]\OT1/pbk/l/n/10 La opcin a uti-lizar la ele-gir el suscrip-tor cuando mande l
a peticin de suscripcin.
 []

File: Figures/12.eps Graphic file (type eps)
<Figures/12.eps>
Missing character: There is no ó in font pbkl7t!
Missing character: There is no ó in font pbkl7t!
Missing character: There is no ó in font pbkl7t!
Missing character: There is no é in font pbkl7t!
Missing character: There is no é in font pbkl7t!
Missing character: There is no é in font pbkl7t!
Missing character: There is no ó in font pbkl7t!
Missing character: There is no á in font pbkl7t!

Underfull \vbox (badness 6825) has occurred while \output is active []

 [35]
Missing character: There is no ú in font pbkl7t!
Missing character: There is no í in font pbkl7t!
Missing character: There is no ó in font pbkl7t!
Missing character: There is no ó in font pbkl7t!
LaTeX Font Info:    Try loading font information for OMS+pbk on input line 610.


(/usr/share/texmf-texlive/tex/latex/psnfss/omspbk.fd
File: omspbk.fd 
)
LaTeX Font Info:    Font shape `OMS/pbk/m/n' in size <9> not available
(Font)              Font shape `OMS/cmsy/m/n' tried instead on input line 610.
Missing character: There is no ó in font pbkl7t!
Missing character: There is no é in font pbkl7t!
Missing character: There is no ó in font pbkl7t!
Missing character: There is no í in font pbkl7t!

Overfull \hbox (4.43074pt too wide) in paragraph at lines 625--626
[]\OT1/pbk/l/n/10 Dialect: El di-alecto us-ado para ex-pre-sar el topic an-te-r
ior, es de-cir, el lenguaje
 []

Missing character: There is no ó in font pbkl7t!
Missing character: There is no ú in font pbkl7t!
Missing character: There is no ó in font pbkl7t!
Missing character: There is no é in font pbkl7t!
Missing character: There is no á in font pbkl7t!
[36]
Missing character: There is no ó in font pbkl7t!
Missing character: There is no ó in font pbkl7t!
Missing character: There is no ó in font pbkl7t!
Missing character: There is no ó in font pbkl7t!
Missing character: There is no é in font pbkl7t!
Missing character: There is no ó in font pbkl7t!
Missing character: There is no á in font pbkl7t!
Missing character: There is no í in font pbkl7t!
Missing character: There is no í in font pbkl7t!
Missing character: There is no á in font pbkl7t!
Missing character: There is no ó in font pbkl7t!
Missing character: There is no é in font pbkl7t!
Missing character: There is no ó in font pbkl7t!
Missing character: There is no ó in font pbkl7t!
Missing character: There is no í in font pbkl7t!
Missing character: There is no ó in font pbkl7t!
Missing character: There is no ó in font pbkl7t!

Underfull \hbox (badness 10000) in paragraph at lines 662--663

 []

[37]
Missing character: There is no á in font pbkl7t!
Missing character: There is no á in font pbkl7t!
Missing character: There is no ó in font pbkl7t!
Missing character: There is no ú in font pbkl7t!
Missing character: There is no í in font pbkl7t!
Missing character: There is no ó in font pbkl7t!
Missing character: There is no ú in font pbkl7t!
Missing character: There is no ó in font pbkl7t!
Missing character: There is no é in font pbkl7t!


LaTeX Warning: Citation `Papazoglou2007' on page 38 undefined on input line 673
.


Underfull \vbox (badness 1377) has occurred while \output is active []

 [38]

LaTeX Warning: Citation `Karp2000' on page 39 undefined on input line 681.


LaTeX Warning: Citation `Sun1999' on page 39 undefined on input line 681.


LaTeX Warning: Citation `W3C2004' on page 39 undefined on input line 685.


Overfull \hbox (5.06921pt too wide) in paragraph at lines 688--690
\OT1/pbk/l/n/10 by its de-scrip-tion us-ing SOAP-messages, typ-i-cally con-veye
d us-ing HTTP
 []


LaTeX Warning: Citation `W3C2001' on page 39 undefined on input line 692.


LaTeX Warning: Citation `W3C2007' on page 39 undefined on input line 692.


LaTeX Warning: Citation `OASIS2004' on page 39 undefined on input line 692.

[39]
File: Figures/ws-stack.eps Graphic file (type eps)
 <Figures/ws-stack.eps>

LaTeX Warning: Citation `Papazoglou2007' on page 40 undefined on input line 706
.

[40]
LaTeX Font Info:    Font shape `OT1/pag/bx/n' in size <10> not available
(Font)              Font shape `OT1/pag/b/n' tried instead on input line 710.
LaTeX Font Info:    Font shape `OT1/pag/b/n' in size <10> not available
(Font)              Font shape `OT1/pag/db/n' tried instead on input line 710.
LaTeX Font Info:    Font shape `OT1/pag/bx/it' in size <10> not available
(Font)              Font shape `OT1/pag/b/it' tried instead on input line 710.
LaTeX Font Info:    Font shape `OT1/pag/b/it' in size <10> not available
(Font)              Font shape `OT1/pag/db/it' tried instead on input line 710.

LaTeX Font Info:    Font shape `OT1/pag/db/it' in size <10> not available
(Font)              Font shape `OT1/pag/db/sl' tried instead on input line 710.



LaTeX Warning: Citation `OASIS2007' on page 41 undefined on input line 712.


LaTeX Warning: Citation `Peltz2003' on page 41 undefined on input line 712.

LaTeX Font Info:    Try loading font information for OT1+pcr on input line 738.

(/usr/share/texmf-texlive/tex/latex/psnfss/ot1pcr.fd
File: ot1pcr.fd 2001/06/04 font definitions for OT1/pcr.
)

LaTeX Warning: Float too large for page by 16.47476pt on input line 793.

[41]

LaTeX Warning: Citation `Carbone2006' on page 42 undefined on input line 801.


LaTeX Warning: Citation `Dong2006' on page 42 undefined on input line 801.


LaTeX Warning: Citation `Foster2007' on page 42 undefined on input line 801.


LaTeX Warning: Citation `Yang2008' on page 42 undefined on input line 801.


LaTeX Warning: Citation `Wing1990' on page 42 undefined on input line 805.


LaTeX Warning: Citation `Peled2001' on page 42 undefined on input line 805.

[42] [43] [44]) [45] [46


]
\openout2 = `chapter3.aux'.

 (./chapter3.tex
Chapter 3.
) [47


] [48


]
\openout2 = `chapter4.aux'.

 (./chapter4.tex
Chapter 4.
) [49


] [50


]
\openout2 = `chapter5.aux'.

 (./chapter5.tex
Chapter 5.

LaTeX Warning: Citation `Cambronero2007' on page 51 undefined on input line 11.



Underfull \vbox (badness 3240) has occurred while \output is active []

 [51


]
Underfull \vbox (badness 10000) has occurred while \output is active []



LaTeX Warning: Reference `c5' on page 52 undefined on input line 29.

[52]
Overfull \hbox (12.66652pt too wide) in paragraph at lines 29--30
[]\OT1/pbk/l/n/10 The con-tin-u-a-tion and ex-ten-sion of the de-vel-op-ment of
 the Correct-WS method-
 []

[53]

LaTeX Warning: Reference `c5' on page 54 undefined on input line 83.

[54] [55]

LaTeX Warning: Reference `c5' on page 56 undefined on input line 150.

[56]) [57]

LaTeX Warning: Reference `c5' on page 58 undefined on input line 259.

[58


] (./thesis.bbl
Missing character: There is no Ã in font pbkl7t!
Missing character: There is no ­ in font pbkl7t!
Missing character: There is no Ã in font pbkl7t!
Missing character: There is no ¶ in font pbkl7t!

Underfull \hbox (badness 10000) in paragraph at lines 36--41
[]\OT1/pbk/l/n/10 S. Gra-ham S. Tuecke K. Cza-jkowski D. Fer-gu-son F. Ley-
 []


Underfull \hbox (badness 3148) in paragraph at lines 36--41
\OT1/pbk/l/n/10 mann M. Nally T. Storey W. Vam-benepe I. Fos-ter, J. Frey and
 []


Underfull \hbox (badness 3323) in paragraph at lines 36--41
\OT1/pbk/l/n/10 S. Weer-awarana.  Mod-el-ing state-ful re-sources with web ser-
vices.
 []


Underfull \hbox (badness 10000) in paragraph at lines 36--41
\OT1/pbk/l/it/10 http://www-106.ibm.com/developerworks/library/wsresource/ ws-
 []

[59

]) (./thesis.bbl [60]
Missing character: There is no Ã in font pbkl7t!
Missing character: There is no ­ in font pbkl7t!
Missing character: There is no Ã in font pbkl7t!
Missing character: There is no ¶ in font pbkl7t!

Underfull \hbox (badness 10000) in paragraph at lines 36--41
[]\OT1/pbk/l/n/10 S. Gra-ham S. Tuecke K. Cza-jkowski D. Fer-gu-son F. Ley-
 []


Underfull \hbox (badness 3148) in paragraph at lines 36--41
\OT1/pbk/l/n/10 mann M. Nally T. Storey W. Vam-benepe I. Fos-ter, J. Frey and
 []


Underfull \hbox (badness 3323) in paragraph at lines 36--41
\OT1/pbk/l/n/10 S. Weer-awarana.  Mod-el-ing state-ful re-sources with web ser-
vices.
 []


Underfull \hbox (badness 10000) in paragraph at lines 36--41
\OT1/pbk/l/it/10 http://www-106.ibm.com/developerworks/library/wsresource/ ws-
 []

[61

]) [62] (./thesis.aux (./ack.aux) (./abstract.aux) (./chapter1.aux)
(./chapter2.aux) (./chapter3.aux) (./chapter4.aux) (./chapter5.aux))

LaTeX Warning: There were undefined references.


LaTeX Warning: There were multiply-defined labels.

 ) 
Here is how much of TeX's memory you used:
 16682 strings out of 495062
 281895 string characters out of 1182644
 362707 words of memory out of 3000000
 19406 multiletter control sequences out of 15000+50000
 22693 words of font info for 64 fonts, out of 3000000 for 9000
 28 hyphenation exceptions out of 8191
 63i,12n,74p,3178b,1656s stack positions out of 5000i,500n,10000p,200000b,50000s

Output written on thesis.dvi (76 pages, 277520 bytes).
