\BOOKMARK [0][-]{chapter.1}{Introduction}{}
\BOOKMARK [1][-]{section.1.1}{Motivation}{chapter.1}
\BOOKMARK [1][-]{section.1.2}{Objectives}{chapter.1}
\BOOKMARK [1][-]{section.1.3}{Dissertation Structure}{chapter.1}
\BOOKMARK [0][-]{chapter.2}{State of the Art}{}
\BOOKMARK [1][-]{section.2.1}{Motivation}{chapter.2}
\BOOKMARK [1][-]{section.2.2}{Web Services Modelling}{chapter.2}
\BOOKMARK [2][-]{subsection.2.2.1}{WS-BPEL}{section.2.2}
\BOOKMARK [1][-]{section.2.3}{Heterogeneous Distributed Systems: Grid/Cloud Computing}{chapter.2}
\BOOKMARK [1][-]{section.2.4}{Web Services Resource Framework}{chapter.2}
\BOOKMARK [1][-]{section.2.5}{Workflow management}{chapter.2}
\BOOKMARK [1][-]{section.2.6}{Formal models of concurrency}{chapter.2}
\BOOKMARK [1][-]{section.2.7}{Summary}{chapter.2}
\BOOKMARK [0][-]{chapter.3}{Extended Petri nets}{}
\BOOKMARK [1][-]{section.3.1}{Petri nets analysis}{chapter.3}
\BOOKMARK [2][-]{subsection.3.1.1}{Safety properties}{section.3.1}
\BOOKMARK [2][-]{subsection.3.1.2}{Liveness properties}{section.3.1}
\BOOKMARK [1][-]{section.3.2}{Timed extensions of Petri nets}{chapter.3}
\BOOKMARK [2][-]{subsection.3.2.1}{Prioritized-Timed Colored Petri Nets}{section.3.2}
\BOOKMARK [2][-]{subsection.3.2.2}{Extended Timed-Arc Petri Nets}{section.3.2}
\BOOKMARK [0][-]{chapter.4}{BPELRF}{}
\BOOKMARK [1][-]{section.4.1}{Background and Related Work}{chapter.4}
\BOOKMARK [1][-]{section.4.2}{Syntax and semantics of BPEL+RF}{chapter.4}
\BOOKMARK [1][-]{section.4.3}{Case Study: Automatic management system for stock market investments}{chapter.4}
\BOOKMARK [2][-]{subsection.4.3.1}{Related Work}{section.4.3}
\BOOKMARK [1][-]{section.4.4}{Prioritised-Timed Coloured Petri Nets}{chapter.4}
\BOOKMARK [1][-]{section.4.5}{Prioritised-Timed Coloured Petri Net Semantics for WS-BPEL+WSRF}{chapter.4}
\BOOKMARK [2][-]{subsection.4.5.1}{Prioritised-Timed Coloured Petri Nets}{section.4.5}
\BOOKMARK [2][-]{subsection.4.5.2}{PTCPN Semantics for WSRF/BPEL}{section.4.5}
\BOOKMARK [2][-]{subsection.4.5.3}{Basic activities}{section.4.5}
\BOOKMARK [2][-]{subsection.4.5.4}{Ordering structures}{section.4.5}
\BOOKMARK [2][-]{subsection.4.5.5}{WSRF-compliant}{section.4.5}
\BOOKMARK [1][-]{section.4.6}{Case study: Online auction service}{chapter.4}
\BOOKMARK [1][-]{section.4.7}{Formal Analysis of Web Service Compositions}{chapter.4}
\BOOKMARK [1][-]{section.4.8}{Summary}{chapter.4}
\BOOKMARK [0][-]{chapter.5}{Timed-arc workflow nets}{}
\BOOKMARK [0][-]{chapter.6}{Conclusions, Contributions and Future Works}{}
\BOOKMARK [0][-]{appendix*.44}{Bibliography}{}
